2024/02/28 05:56:37 - mmengine - INFO - 
------------------------------------------------------------
System environment:
    sys.platform: linux
    Python: 3.10.13 (main, Sep 11 2023, 13:44:35) [GCC 11.2.0]
    CUDA available: True
    MUSA available: False
    numpy_random_seed: 199686654
    GPU 0: NVIDIA GeForce RTX 4060 Ti
    CUDA_HOME: /usr/local/cuda
    NVCC: Cuda compilation tools, release 11.8, V11.8.89
    GCC: gcc (Ubuntu 9.4.0-1ubuntu1~20.04.1) 9.4.0
    PyTorch: 2.1.0
    PyTorch compiling details: PyTorch built with:
  - GCC 9.3
  - C++ Version: 201703
  - Intel(R) oneAPI Math Kernel Library Version 2023.1-Product Build 20230303 for Intel(R) 64 architecture applications
  - Intel(R) MKL-DNN v3.1.1 (Git Hash 64f6bcbcbab628e96f33a62c3e975f8535a7bde4)
  - OpenMP 201511 (a.k.a. OpenMP 4.5)
  - LAPACK is enabled (usually provided by MKL)
  - NNPACK is enabled
  - CPU capability usage: AVX2
  - CUDA Runtime 11.8
  - NVCC architecture flags: -gencode;arch=compute_50,code=sm_50;-gencode;arch=compute_60,code=sm_60;-gencode;arch=compute_61,code=sm_61;-gencode;arch=compute_70,code=sm_70;-gencode;arch=compute_75,code=sm_75;-gencode;arch=compute_80,code=sm_80;-gencode;arch=compute_86,code=sm_86;-gencode;arch=compute_37,code=sm_37;-gencode;arch=compute_90,code=sm_90;-gencode;arch=compute_37,code=compute_37
  - CuDNN 8.7
  - Magma 2.6.1
  - Build settings: BLAS_INFO=mkl, BUILD_TYPE=Release, CUDA_VERSION=11.8, CUDNN_VERSION=8.7.0, CXX_COMPILER=/opt/rh/devtoolset-9/root/usr/bin/c++, CXX_FLAGS= -D_GLIBCXX_USE_CXX11_ABI=0 -fabi-version=11 -fvisibility-inlines-hidden -DUSE_PTHREADPOOL -DNDEBUG -DUSE_KINETO -DLIBKINETO_NOROCTRACER -DUSE_FBGEMM -DUSE_QNNPACK -DUSE_PYTORCH_QNNPACK -DUSE_XNNPACK -DSYMBOLICATE_MOBILE_DEBUG_HANDLE -O2 -fPIC -Wall -Wextra -Werror=return-type -Werror=non-virtual-dtor -Werror=bool-operation -Wnarrowing -Wno-missing-field-initializers -Wno-type-limits -Wno-array-bounds -Wno-unknown-pragmas -Wno-unused-parameter -Wno-unused-function -Wno-unused-result -Wno-strict-overflow -Wno-strict-aliasing -Wno-stringop-overflow -Wno-psabi -Wno-error=pedantic -Wno-error=old-style-cast -Wno-invalid-partial-specialization -Wno-unused-private-field -Wno-aligned-allocation-unavailable -Wno-missing-braces -fdiagnostics-color=always -faligned-new -Wno-unused-but-set-variable -Wno-maybe-uninitialized -fno-math-errno -fno-trapping-math -Werror=format -Werror=cast-function-type -Wno-stringop-overflow, LAPACK_INFO=mkl, PERF_WITH_AVX=1, PERF_WITH_AVX2=1, PERF_WITH_AVX512=1, TORCH_DISABLE_GPU_ASSERTS=ON, TORCH_VERSION=2.1.0, USE_CUDA=ON, USE_CUDNN=ON, USE_EXCEPTION_PTR=1, USE_GFLAGS=OFF, USE_GLOG=OFF, USE_MKL=ON, USE_MKLDNN=ON, USE_MPI=OFF, USE_NCCL=ON, USE_NNPACK=ON, USE_OPENMP=ON, USE_ROCM=OFF, 

    TorchVision: 0.16.0
    OpenCV: 4.9.0
    MMEngine: 0.10.3

Runtime environment:
    cudnn_benchmark: False
    dist_cfg: {'backend': 'nccl'}
    mp_cfg: {'mp_start_method': 'fork', 'opencv_num_threads': 0}
    seed: 199686654
    Distributed launcher: none
    Distributed training: False
    GPU number: 1
------------------------------------------------------------

2024/02/28 05:56:37 - mmengine - INFO - Config:
auto_scale_lr = dict(base_batch_size=1024)
data_preprocessor = dict(num_classes=15, to_rgb=True)
dataset_type = 'ImageNet'
default_hooks = dict(
    checkpoint=dict(interval=1, type='CheckpointHook'),
    logger=dict(interval=100, type='LoggerHook'),
    param_scheduler=dict(type='ParamSchedulerHook'),
    sampler_seed=dict(type='DistSamplerSeedHook'),
    timer=dict(type='IterTimerHook'),
    visualization=dict(enable=False, type='VisualizationHook'))
default_scope = 'mmpretrain'
env_cfg = dict(
    cudnn_benchmark=False,
    dist_cfg=dict(backend='nccl'),
    mp_cfg=dict(mp_start_method='fork', opencv_num_threads=0))
launcher = 'none'
load_from = 'kids/epoch_6.bin'
log_level = 'INFO'
model = dict(
    backbone=dict(
        arch='tiny',
        drop_path_rate=0.3,
        init_cfg=dict(
            checkpoint='epoch_6.bin', prefix='backbone.', type='Pretrained'),
        type='MViT'),
    data_preprocessor=dict(num_classes=15, to_rgb=True),
    head=dict(
        in_channels=768,
        loss=dict(
            label_smooth_val=0.1, mode='original', type='LabelSmoothLoss'),
        num_classes=15,
        type='LinearClsHead'),
    init_cfg=[
        dict(bias=0.0, layer='Linear', std=0.02, type='TruncNormal'),
        dict(bias=0.0, layer='LayerNorm', type='Constant', val=1.0),
    ],
    neck=dict(type='GlobalAveragePooling'),
    train_cfg=dict(augments=[
        dict(alpha=0.8, type='Mixup'),
        dict(alpha=1.0, type='CutMix'),
    ]),
    type='ImageClassifier')
optim_wrapper = dict(
    optimizer=dict(
        betas=(
            0.9,
            0.999,
        ),
        eps=1e-08,
        lr=0.00025,
        type='AdamW',
        weight_decay=0.05),
    paramwise_cfg=dict(
        bias_decay_mult=0.0,
        custom_keys=dict({
            '.absolute_pos_embed': dict(decay_mult=0.0),
            '.pos_embed': dict(decay_mult=0.0),
            '.rel_pos_h': dict(decay_mult=0.0),
            '.rel_pos_w': dict(decay_mult=0.0),
            '.relative_position_bias_table': dict(decay_mult=0.0)
        }),
        flat_decay_mult=0.0,
        norm_decay_mult=0.0))
param_scheduler = [
    dict(
        by_epoch=True,
        convert_to_iter_based=True,
        end=70,
        start_factor=0.001,
        type='LinearLR'),
    dict(begin=70, by_epoch=True, eta_min=1e-05, type='CosineAnnealingLR'),
]
resume = False
test_cfg = dict()
test_dataloader = dict(
    batch_size=8,
    collate_fn=dict(type='default_collate'),
    dataset=dict(
        ann_file='test.txt',
        pipeline=[
            dict(type='LoadImageFromFile'),
            dict(keep_ratio=False, scale=(
                800,
                600,
            ), type='Resize'),
            dict(type='PackInputs'),
        ],
        type='ImageNet'),
    num_workers=4,
    persistent_workers=True,
    pin_memory=True,
    sampler=dict(shuffle=False, type='DefaultSampler'))
test_evaluator = [
    dict(topk=(1, ), type='Accuracy'),
]
test_pipeline = [
    dict(type='LoadImageFromFile'),
    dict(keep_ratio=False, scale=(
        800,
        600,
    ), type='Resize'),
    dict(type='PackInputs'),
]
train_cfg = dict(by_epoch=True, max_epochs=100, val_interval=1)
train_dataloader = dict(
    batch_size=11,
    collate_fn=dict(type='default_collate'),
    dataset=dict(
        ann_file='',
        pipeline=[
            dict(type='LoadImageFromFile'),
            dict(keep_ratio=False, scale=(
                800,
                600,
            ), type='Resize'),
            dict(direction='horizontal', prob=0.5, type='RandomFlip'),
            dict(type='PackInputs'),
        ],
        type='ImageNet'),
    num_workers=24,
    persistent_workers=True,
    pin_memory=True,
    sampler=dict(shuffle=True, type='DefaultSampler'))
train_pipeline = [
    dict(type='LoadImageFromFile'),
    dict(keep_ratio=False, scale=(
        800,
        600,
    ), type='Resize'),
    dict(direction='horizontal', prob=0.5, type='RandomFlip'),
    dict(type='PackInputs'),
]
val_cfg = dict()
val_dataloader = dict(
    batch_size=13,
    collate_fn=dict(type='default_collate'),
    dataset=dict(
        ann_file='',
        pipeline=[
            dict(type='LoadImageFromFile'),
            dict(keep_ratio=False, scale=(
                800,
                600,
            ), type='Resize'),
            dict(type='PackInputs'),
        ],
        type='ImageNet'),
    num_workers=24,
    persistent_workers=True,
    pin_memory=True,
    sampler=dict(shuffle=False, type='DefaultSampler'))
val_evaluator = [
    dict(type='ConfusionMatrix'),
    dict(topk=(1, ), type='Accuracy'),
]
vis_backends = [
    dict(type='LocalVisBackend'),
]
visualizer = dict(
    type='UniversalVisualizer', vis_backends=[
        dict(type='LocalVisBackend'),
    ])
work_dir = '/only_img_epoch6'

2024/02/28 05:56:38 - mmengine - INFO - Because batch augmentations are enabled, the data preprocessor automatically enables the `to_onehot` option to generate one-hot format labels.
2024/02/28 05:56:39 - mmengine - INFO - Distributed training is not used, all SyncBatchNorm (SyncBN) layers in the model will be automatically reverted to BatchNormXd layers if they are used.
2024/02/28 05:56:39 - mmengine - INFO - Hooks will be executed in the following order:
before_run:
(VERY_HIGH   ) RuntimeInfoHook                    
(BELOW_NORMAL) LoggerHook                         
 -------------------- 
before_train:
(VERY_HIGH   ) RuntimeInfoHook                    
(NORMAL      ) IterTimerHook                      
(VERY_LOW    ) CheckpointHook                     
 -------------------- 
before_train_epoch:
(VERY_HIGH   ) RuntimeInfoHook                    
(NORMAL      ) IterTimerHook                      
(NORMAL      ) DistSamplerSeedHook                
 -------------------- 
before_train_iter:
(VERY_HIGH   ) RuntimeInfoHook                    
(NORMAL      ) IterTimerHook                      
 -------------------- 
after_train_iter:
(VERY_HIGH   ) RuntimeInfoHook                    
(NORMAL      ) IterTimerHook                      
(BELOW_NORMAL) LoggerHook                         
(LOW         ) ParamSchedulerHook                 
(VERY_LOW    ) CheckpointHook                     
 -------------------- 
after_train_epoch:
(NORMAL      ) IterTimerHook                      
(LOW         ) ParamSchedulerHook                 
(VERY_LOW    ) CheckpointHook                     
 -------------------- 
before_val:
(VERY_HIGH   ) RuntimeInfoHook                    
 -------------------- 
before_val_epoch:
(NORMAL      ) IterTimerHook                      
 -------------------- 
before_val_iter:
(NORMAL      ) IterTimerHook                      
 -------------------- 
after_val_iter:
(NORMAL      ) IterTimerHook                      
(NORMAL      ) VisualizationHook                  
(BELOW_NORMAL) LoggerHook                         
 -------------------- 
after_val_epoch:
(VERY_HIGH   ) RuntimeInfoHook                    
(NORMAL      ) IterTimerHook                      
(BELOW_NORMAL) LoggerHook                         
(LOW         ) ParamSchedulerHook                 
(VERY_LOW    ) CheckpointHook                     
 -------------------- 
after_val:
(VERY_HIGH   ) RuntimeInfoHook                    
 -------------------- 
after_train:
(VERY_HIGH   ) RuntimeInfoHook                    
(VERY_LOW    ) CheckpointHook                     
 -------------------- 
before_test:
(VERY_HIGH   ) RuntimeInfoHook                    
 -------------------- 
before_test_epoch:
(NORMAL      ) IterTimerHook                      
 -------------------- 
before_test_iter:
(NORMAL      ) IterTimerHook                      
 -------------------- 
after_test_iter:
(NORMAL      ) IterTimerHook                      
(NORMAL      ) VisualizationHook                  
(BELOW_NORMAL) LoggerHook                         
 -------------------- 
after_test_epoch:
(VERY_HIGH   ) RuntimeInfoHook                    
(NORMAL      ) IterTimerHook                      
(BELOW_NORMAL) LoggerHook                         
 -------------------- 
after_test:
(VERY_HIGH   ) RuntimeInfoHook                    
 -------------------- 
after_run:
(BELOW_NORMAL) LoggerHook                         
 -------------------- 
2024/02/28 05:56:40 - mmengine - INFO - Load checkpoint from kids/epoch_6.bin
2024/02/28 05:57:36 - mmengine - INFO - Epoch(test) [  100/26266]    eta: 4:01:21  time: 0.5313  data_time: 0.0004  memory: 7932  
2024/02/28 05:58:30 - mmengine - INFO - Epoch(test) [  200/26266]    eta: 3:58:10  time: 0.5355  data_time: 0.0004  memory: 7932  
2024/02/28 05:59:24 - mmengine - INFO - Epoch(test) [  300/26266]    eta: 3:55:55  time: 0.5397  data_time: 0.0004  memory: 7932  
2024/02/28 06:00:18 - mmengine - INFO - Epoch(test) [  400/26266]    eta: 3:54:16  time: 0.5364  data_time: 0.0004  memory: 7932  
2024/02/28 06:01:12 - mmengine - INFO - Epoch(test) [  500/26266]    eta: 3:53:10  time: 0.5296  data_time: 0.0003  memory: 7932  
2024/02/28 06:02:05 - mmengine - INFO - Epoch(test) [  600/26266]    eta: 3:51:18  time: 0.5270  data_time: 0.0003  memory: 7932  
2024/02/28 06:02:58 - mmengine - INFO - Epoch(test) [  700/26266]    eta: 3:49:47  time: 0.5283  data_time: 0.0004  memory: 7932  
2024/02/28 06:03:52 - mmengine - INFO - Epoch(test) [  800/26266]    eta: 3:49:17  time: 0.5898  data_time: 0.0004  memory: 7932  
2024/02/28 06:04:46 - mmengine - INFO - Epoch(test) [  900/26266]    eta: 3:48:22  time: 0.5364  data_time: 0.0004  memory: 7932  
2024/02/28 06:05:40 - mmengine - INFO - Epoch(test) [ 1000/26266]    eta: 3:47:20  time: 0.5277  data_time: 0.0004  memory: 7932  
2024/02/28 06:06:33 - mmengine - INFO - Epoch(test) [ 1100/26266]    eta: 3:45:58  time: 0.5272  data_time: 0.0003  memory: 7932  
2024/02/28 06:07:26 - mmengine - INFO - Epoch(test) [ 1200/26266]    eta: 3:44:40  time: 0.5275  data_time: 0.0004  memory: 7932  
2024/02/28 06:08:18 - mmengine - INFO - Epoch(test) [ 1300/26266]    eta: 3:43:25  time: 0.5262  data_time: 0.0003  memory: 7932  
2024/02/28 06:09:11 - mmengine - INFO - Epoch(test) [ 1400/26266]    eta: 3:42:13  time: 0.5257  data_time: 0.0004  memory: 7932  
2024/02/28 06:10:04 - mmengine - INFO - Epoch(test) [ 1500/26266]    eta: 3:41:04  time: 0.5276  data_time: 0.0004  memory: 7932  
2024/02/28 06:10:56 - mmengine - INFO - Epoch(test) [ 1600/26266]    eta: 3:39:59  time: 0.5286  data_time: 0.0004  memory: 7932  
2024/02/28 06:11:49 - mmengine - INFO - Epoch(test) [ 1700/26266]    eta: 3:38:55  time: 0.5296  data_time: 0.0003  memory: 7932  
2024/02/28 06:12:42 - mmengine - INFO - Epoch(test) [ 1800/26266]    eta: 3:37:53  time: 0.5274  data_time: 0.0003  memory: 7932  
2024/02/28 06:13:35 - mmengine - INFO - Epoch(test) [ 1900/26266]    eta: 3:36:50  time: 0.5268  data_time: 0.0003  memory: 7932  
2024/02/28 06:14:28 - mmengine - INFO - Epoch(test) [ 2000/26266]    eta: 3:35:49  time: 0.5276  data_time: 0.0003  memory: 7932  
2024/02/28 06:15:20 - mmengine - INFO - Epoch(test) [ 2100/26266]    eta: 3:34:48  time: 0.5263  data_time: 0.0003  memory: 7932  
2024/02/28 06:16:13 - mmengine - INFO - Epoch(test) [ 2200/26266]    eta: 3:33:48  time: 0.5268  data_time: 0.0003  memory: 7932  
2024/02/28 06:17:06 - mmengine - INFO - Epoch(test) [ 2300/26266]    eta: 3:32:48  time: 0.5282  data_time: 0.0003  memory: 7932  
2024/02/28 06:17:58 - mmengine - INFO - Epoch(test) [ 2400/26266]    eta: 3:31:50  time: 0.5277  data_time: 0.0004  memory: 7932  
2024/02/28 06:18:51 - mmengine - INFO - Epoch(test) [ 2500/26266]    eta: 3:30:53  time: 0.5286  data_time: 0.0003  memory: 7932  
2024/02/28 06:19:44 - mmengine - INFO - Epoch(test) [ 2600/26266]    eta: 3:29:55  time: 0.5271  data_time: 0.0004  memory: 7932  
2024/02/28 06:20:37 - mmengine - INFO - Epoch(test) [ 2700/26266]    eta: 3:28:57  time: 0.5272  data_time: 0.0003  memory: 7932  
2024/02/28 06:21:30 - mmengine - INFO - Epoch(test) [ 2800/26266]    eta: 3:28:00  time: 0.5269  data_time: 0.0003  memory: 7932  
2024/02/28 06:22:22 - mmengine - INFO - Epoch(test) [ 2900/26266]    eta: 3:27:03  time: 0.5283  data_time: 0.0003  memory: 7932  
2024/02/28 06:23:15 - mmengine - INFO - Epoch(test) [ 3000/26266]    eta: 3:26:08  time: 0.5275  data_time: 0.0004  memory: 7932  
2024/02/28 06:24:08 - mmengine - INFO - Epoch(test) [ 3100/26266]    eta: 3:25:13  time: 0.5299  data_time: 0.0004  memory: 7932  
2024/02/28 06:25:01 - mmengine - INFO - Epoch(test) [ 3200/26266]    eta: 3:24:19  time: 0.5292  data_time: 0.0003  memory: 7932  
2024/02/28 06:25:54 - mmengine - INFO - Epoch(test) [ 3300/26266]    eta: 3:23:23  time: 0.5276  data_time: 0.0004  memory: 7932  
2024/02/28 06:26:47 - mmengine - INFO - Epoch(test) [ 3400/26266]    eta: 3:22:27  time: 0.5275  data_time: 0.0003  memory: 7932  
2024/02/28 06:27:39 - mmengine - INFO - Epoch(test) [ 3500/26266]    eta: 3:21:32  time: 0.5269  data_time: 0.0004  memory: 7932  
2024/02/28 06:28:32 - mmengine - INFO - Epoch(test) [ 3600/26266]    eta: 3:20:37  time: 0.5284  data_time: 0.0004  memory: 7932  
2024/02/28 06:29:25 - mmengine - INFO - Epoch(test) [ 3700/26266]    eta: 3:19:41  time: 0.5265  data_time: 0.0003  memory: 7932  
2024/02/28 06:30:18 - mmengine - INFO - Epoch(test) [ 3800/26266]    eta: 3:18:46  time: 0.5266  data_time: 0.0003  memory: 7932  
2024/02/28 06:31:10 - mmengine - INFO - Epoch(test) [ 3900/26266]    eta: 3:17:51  time: 0.5270  data_time: 0.0003  memory: 7932  
2024/02/28 06:32:03 - mmengine - INFO - Epoch(test) [ 4000/26266]    eta: 3:16:56  time: 0.5278  data_time: 0.0004  memory: 7932  
2024/02/28 06:32:56 - mmengine - INFO - Epoch(test) [ 4100/26266]    eta: 3:16:01  time: 0.5256  data_time: 0.0003  memory: 7932  
2024/02/28 06:33:48 - mmengine - INFO - Epoch(test) [ 4200/26266]    eta: 3:15:05  time: 0.5268  data_time: 0.0003  memory: 7932  
2024/02/28 06:34:41 - mmengine - INFO - Epoch(test) [ 4300/26266]    eta: 3:14:11  time: 0.5266  data_time: 0.0003  memory: 7932  
2024/02/28 06:35:34 - mmengine - INFO - Epoch(test) [ 4400/26266]    eta: 3:13:16  time: 0.5273  data_time: 0.0003  memory: 7932  
2024/02/28 06:36:27 - mmengine - INFO - Epoch(test) [ 4500/26266]    eta: 3:12:22  time: 0.5276  data_time: 0.0004  memory: 7932  
2024/02/28 06:37:19 - mmengine - INFO - Epoch(test) [ 4600/26266]    eta: 3:11:27  time: 0.5273  data_time: 0.0004  memory: 7932  
2024/02/28 06:38:12 - mmengine - INFO - Epoch(test) [ 4700/26266]    eta: 3:10:33  time: 0.5271  data_time: 0.0004  memory: 7932  
2024/02/28 06:39:05 - mmengine - INFO - Epoch(test) [ 4800/26266]    eta: 3:09:38  time: 0.5265  data_time: 0.0003  memory: 7932  
2024/02/28 06:39:58 - mmengine - INFO - Epoch(test) [ 4900/26266]    eta: 3:08:44  time: 0.5270  data_time: 0.0003  memory: 7932  
2024/02/28 06:40:50 - mmengine - INFO - Epoch(test) [ 5000/26266]    eta: 3:07:50  time: 0.5274  data_time: 0.0003  memory: 7932  
2024/02/28 06:41:43 - mmengine - INFO - Epoch(test) [ 5100/26266]    eta: 3:06:56  time: 0.5270  data_time: 0.0003  memory: 7932  
2024/02/28 06:42:37 - mmengine - INFO - Epoch(test) [ 5200/26266]    eta: 3:06:05  time: 0.5268  data_time: 0.0003  memory: 7932  
2024/02/28 06:43:29 - mmengine - INFO - Epoch(test) [ 5300/26266]    eta: 3:05:11  time: 0.5271  data_time: 0.0004  memory: 7932  
2024/02/28 06:44:22 - mmengine - INFO - Epoch(test) [ 5400/26266]    eta: 3:04:17  time: 0.5246  data_time: 0.0004  memory: 7932  
2024/02/28 06:45:15 - mmengine - INFO - Epoch(test) [ 5500/26266]    eta: 3:03:22  time: 0.5243  data_time: 0.0003  memory: 7932  
2024/02/28 06:46:07 - mmengine - INFO - Epoch(test) [ 5600/26266]    eta: 3:02:27  time: 0.5264  data_time: 0.0003  memory: 7932  
2024/02/28 06:47:00 - mmengine - INFO - Epoch(test) [ 5700/26266]    eta: 3:01:33  time: 0.5279  data_time: 0.0004  memory: 7932  
2024/02/28 06:47:52 - mmengine - INFO - Epoch(test) [ 5800/26266]    eta: 3:00:39  time: 0.5266  data_time: 0.0004  memory: 7932  
2024/02/28 06:48:45 - mmengine - INFO - Epoch(test) [ 5900/26266]    eta: 2:59:45  time: 0.5267  data_time: 0.0003  memory: 7932  
2024/02/28 06:49:38 - mmengine - INFO - Epoch(test) [ 6000/26266]    eta: 2:58:51  time: 0.5265  data_time: 0.0004  memory: 7932  
2024/02/28 06:50:30 - mmengine - INFO - Epoch(test) [ 6100/26266]    eta: 2:57:56  time: 0.5256  data_time: 0.0003  memory: 7932  
2024/02/28 06:51:23 - mmengine - INFO - Epoch(test) [ 6200/26266]    eta: 2:57:02  time: 0.5247  data_time: 0.0003  memory: 7932  
2024/02/28 06:52:15 - mmengine - INFO - Epoch(test) [ 6300/26266]    eta: 2:56:08  time: 0.5258  data_time: 0.0003  memory: 7932  
2024/02/28 06:53:08 - mmengine - INFO - Epoch(test) [ 6400/26266]    eta: 2:55:14  time: 0.5259  data_time: 0.0004  memory: 7932  
2024/02/28 06:54:01 - mmengine - INFO - Epoch(test) [ 6500/26266]    eta: 2:54:20  time: 0.5283  data_time: 0.0003  memory: 7932  
2024/02/28 06:54:53 - mmengine - INFO - Epoch(test) [ 6600/26266]    eta: 2:53:27  time: 0.5276  data_time: 0.0003  memory: 7932  
2024/02/28 06:55:46 - mmengine - INFO - Epoch(test) [ 6700/26266]    eta: 2:52:34  time: 0.5267  data_time: 0.0003  memory: 7932  
2024/02/28 06:56:39 - mmengine - INFO - Epoch(test) [ 6800/26266]    eta: 2:51:40  time: 0.5275  data_time: 0.0003  memory: 7932  
2024/02/28 06:57:32 - mmengine - INFO - Epoch(test) [ 6900/26266]    eta: 2:50:47  time: 0.5270  data_time: 0.0003  memory: 7932  
2024/02/28 06:58:24 - mmengine - INFO - Epoch(test) [ 7000/26266]    eta: 2:49:53  time: 0.5268  data_time: 0.0003  memory: 7932  
2024/02/28 06:59:17 - mmengine - INFO - Epoch(test) [ 7100/26266]    eta: 2:49:00  time: 0.5270  data_time: 0.0003  memory: 7932  
2024/02/28 07:00:10 - mmengine - INFO - Epoch(test) [ 7200/26266]    eta: 2:48:06  time: 0.5267  data_time: 0.0003  memory: 7932  
2024/02/28 07:01:03 - mmengine - INFO - Epoch(test) [ 7300/26266]    eta: 2:47:13  time: 0.5296  data_time: 0.0004  memory: 7932  
2024/02/28 07:01:55 - mmengine - INFO - Epoch(test) [ 7400/26266]    eta: 2:46:20  time: 0.5274  data_time: 0.0003  memory: 7932  
2024/02/28 07:02:48 - mmengine - INFO - Epoch(test) [ 7500/26266]    eta: 2:45:27  time: 0.5271  data_time: 0.0003  memory: 7932  
2024/02/28 07:03:41 - mmengine - INFO - Epoch(test) [ 7600/26266]    eta: 2:44:35  time: 0.5318  data_time: 0.0003  memory: 7932  
2024/02/28 07:04:35 - mmengine - INFO - Epoch(test) [ 7700/26266]    eta: 2:43:43  time: 0.5356  data_time: 0.0003  memory: 7932  
2024/02/28 07:05:28 - mmengine - INFO - Epoch(test) [ 7800/26266]    eta: 2:42:51  time: 0.5334  data_time: 0.0004  memory: 7932  
2024/02/28 07:06:22 - mmengine - INFO - Epoch(test) [ 7900/26266]    eta: 2:42:00  time: 0.5338  data_time: 0.0004  memory: 7932  
2024/02/28 07:07:15 - mmengine - INFO - Epoch(test) [ 8000/26266]    eta: 2:41:08  time: 0.5366  data_time: 0.0004  memory: 7932  
2024/02/28 07:08:08 - mmengine - INFO - Epoch(test) [ 8100/26266]    eta: 2:40:16  time: 0.5350  data_time: 0.0003  memory: 7932  
2024/02/28 07:09:02 - mmengine - INFO - Epoch(test) [ 8200/26266]    eta: 2:39:24  time: 0.5312  data_time: 0.0003  memory: 7932  
2024/02/28 07:09:55 - mmengine - INFO - Epoch(test) [ 8300/26266]    eta: 2:38:31  time: 0.5324  data_time: 0.0003  memory: 7932  
2024/02/28 07:10:48 - mmengine - INFO - Epoch(test) [ 8400/26266]    eta: 2:37:39  time: 0.5315  data_time: 0.0003  memory: 7932  
2024/02/28 07:11:41 - mmengine - INFO - Epoch(test) [ 8500/26266]    eta: 2:36:47  time: 0.5323  data_time: 0.0004  memory: 7932  
2024/02/28 07:12:35 - mmengine - INFO - Epoch(test) [ 8600/26266]    eta: 2:35:54  time: 0.5328  data_time: 0.0003  memory: 7932  
2024/02/28 07:13:28 - mmengine - INFO - Epoch(test) [ 8700/26266]    eta: 2:35:02  time: 0.5318  data_time: 0.0003  memory: 7932  
2024/02/28 07:14:21 - mmengine - INFO - Epoch(test) [ 8800/26266]    eta: 2:34:09  time: 0.5333  data_time: 0.0004  memory: 7932  
2024/02/28 07:15:14 - mmengine - INFO - Epoch(test) [ 8900/26266]    eta: 2:33:17  time: 0.5301  data_time: 0.0004  memory: 7932  
2024/02/28 07:16:08 - mmengine - INFO - Epoch(test) [ 9000/26266]    eta: 2:32:25  time: 0.5296  data_time: 0.0004  memory: 7932  
2024/02/28 07:17:01 - mmengine - INFO - Epoch(test) [ 9100/26266]    eta: 2:31:32  time: 0.5301  data_time: 0.0003  memory: 7932  
2024/02/28 07:17:54 - mmengine - INFO - Epoch(test) [ 9200/26266]    eta: 2:30:39  time: 0.5291  data_time: 0.0004  memory: 7932  
2024/02/28 07:18:47 - mmengine - INFO - Epoch(test) [ 9300/26266]    eta: 2:29:47  time: 0.5313  data_time: 0.0004  memory: 7932  
2024/02/28 07:19:40 - mmengine - INFO - Epoch(test) [ 9400/26266]    eta: 2:28:54  time: 0.5350  data_time: 0.0004  memory: 7932  
2024/02/28 07:20:34 - mmengine - INFO - Epoch(test) [ 9500/26266]    eta: 2:28:02  time: 0.5335  data_time: 0.0003  memory: 7932  
2024/02/28 07:21:27 - mmengine - INFO - Epoch(test) [ 9600/26266]    eta: 2:27:10  time: 0.5346  data_time: 0.0004  memory: 7932  
2024/02/28 07:22:20 - mmengine - INFO - Epoch(test) [ 9700/26266]    eta: 2:26:17  time: 0.5329  data_time: 0.0003  memory: 7932  
2024/02/28 07:23:14 - mmengine - INFO - Epoch(test) [ 9800/26266]    eta: 2:25:25  time: 0.5323  data_time: 0.0003  memory: 7932  
2024/02/28 07:24:07 - mmengine - INFO - Epoch(test) [ 9900/26266]    eta: 2:24:33  time: 0.5330  data_time: 0.0003  memory: 7932  
2024/02/28 07:25:01 - mmengine - INFO - Epoch(test) [10000/26266]    eta: 2:23:40  time: 0.5330  data_time: 0.0003  memory: 7932  
2024/02/28 07:25:54 - mmengine - INFO - Epoch(test) [10100/26266]    eta: 2:22:48  time: 0.5346  data_time: 0.0003  memory: 7932  
2024/02/28 07:26:47 - mmengine - INFO - Epoch(test) [10200/26266]    eta: 2:21:56  time: 0.5333  data_time: 0.0003  memory: 7932  
2024/02/28 07:27:41 - mmengine - INFO - Epoch(test) [10300/26266]    eta: 2:21:03  time: 0.5327  data_time: 0.0003  memory: 7932  
2024/02/28 07:28:34 - mmengine - INFO - Epoch(test) [10400/26266]    eta: 2:20:11  time: 0.5329  data_time: 0.0004  memory: 7932  
2024/02/28 07:29:28 - mmengine - INFO - Epoch(test) [10500/26266]    eta: 2:19:18  time: 0.5346  data_time: 0.0003  memory: 7932  
2024/02/28 07:30:21 - mmengine - INFO - Epoch(test) [10600/26266]    eta: 2:18:26  time: 0.5350  data_time: 0.0003  memory: 7932  
2024/02/28 07:31:15 - mmengine - INFO - Epoch(test) [10700/26266]    eta: 2:17:34  time: 0.5358  data_time: 0.0004  memory: 7932  
2024/02/28 07:32:08 - mmengine - INFO - Epoch(test) [10800/26266]    eta: 2:16:41  time: 0.5326  data_time: 0.0004  memory: 7932  
2024/02/28 07:33:01 - mmengine - INFO - Epoch(test) [10900/26266]    eta: 2:15:48  time: 0.5322  data_time: 0.0004  memory: 7932  
2024/02/28 07:33:54 - mmengine - INFO - Epoch(test) [11000/26266]    eta: 2:14:55  time: 0.5342  data_time: 0.0004  memory: 7932  
2024/02/28 07:34:47 - mmengine - INFO - Epoch(test) [11100/26266]    eta: 2:14:02  time: 0.5314  data_time: 0.0004  memory: 7932  
2024/02/28 07:35:40 - mmengine - INFO - Epoch(test) [11200/26266]    eta: 2:13:10  time: 0.5315  data_time: 0.0004  memory: 7932  
2024/02/28 07:36:34 - mmengine - INFO - Epoch(test) [11300/26266]    eta: 2:12:17  time: 0.5388  data_time: 0.0004  memory: 7932  
2024/02/28 07:37:27 - mmengine - INFO - Epoch(test) [11400/26266]    eta: 2:11:24  time: 0.5318  data_time: 0.0003  memory: 7932  
2024/02/28 07:38:20 - mmengine - INFO - Epoch(test) [11500/26266]    eta: 2:10:31  time: 0.5327  data_time: 0.0003  memory: 7932  
2024/02/28 07:39:13 - mmengine - INFO - Epoch(test) [11600/26266]    eta: 2:09:38  time: 0.5326  data_time: 0.0004  memory: 7932  
2024/02/28 07:40:06 - mmengine - INFO - Epoch(test) [11700/26266]    eta: 2:08:45  time: 0.5321  data_time: 0.0003  memory: 7932  
2024/02/28 07:41:00 - mmengine - INFO - Epoch(test) [11800/26266]    eta: 2:07:53  time: 0.5318  data_time: 0.0003  memory: 7932  
2024/02/28 07:41:53 - mmengine - INFO - Epoch(test) [11900/26266]    eta: 2:07:00  time: 0.5330  data_time: 0.0004  memory: 7932  
2024/02/28 07:42:46 - mmengine - INFO - Epoch(test) [12000/26266]    eta: 2:06:07  time: 0.5323  data_time: 0.0003  memory: 7932  
2024/02/28 07:43:39 - mmengine - INFO - Epoch(test) [12100/26266]    eta: 2:05:14  time: 0.5315  data_time: 0.0003  memory: 7932  
2024/02/28 07:44:33 - mmengine - INFO - Epoch(test) [12200/26266]    eta: 2:04:21  time: 0.5308  data_time: 0.0003  memory: 7932  
2024/02/28 07:45:26 - mmengine - INFO - Epoch(test) [12300/26266]    eta: 2:03:28  time: 0.5304  data_time: 0.0004  memory: 7932  
2024/02/28 07:46:19 - mmengine - INFO - Epoch(test) [12400/26266]    eta: 2:02:35  time: 0.5324  data_time: 0.0003  memory: 7932  
2024/02/28 07:47:12 - mmengine - INFO - Epoch(test) [12500/26266]    eta: 2:01:42  time: 0.5314  data_time: 0.0004  memory: 7932  
2024/02/28 07:48:05 - mmengine - INFO - Epoch(test) [12600/26266]    eta: 2:00:50  time: 0.5356  data_time: 0.0004  memory: 7932  
2024/02/28 07:48:59 - mmengine - INFO - Epoch(test) [12700/26266]    eta: 1:59:57  time: 0.5317  data_time: 0.0004  memory: 7932  
2024/02/28 07:49:52 - mmengine - INFO - Epoch(test) [12800/26266]    eta: 1:59:04  time: 0.5309  data_time: 0.0004  memory: 7932  
2024/02/28 07:50:45 - mmengine - INFO - Epoch(test) [12900/26266]    eta: 1:58:11  time: 0.5305  data_time: 0.0003  memory: 7932  
2024/02/28 07:51:38 - mmengine - INFO - Epoch(test) [13000/26266]    eta: 1:57:18  time: 0.5303  data_time: 0.0003  memory: 7932  
2024/02/28 07:52:31 - mmengine - INFO - Epoch(test) [13100/26266]    eta: 1:56:25  time: 0.5322  data_time: 0.0003  memory: 7932  
2024/02/28 07:53:25 - mmengine - INFO - Epoch(test) [13200/26266]    eta: 1:55:32  time: 0.5324  data_time: 0.0004  memory: 7932  
2024/02/28 07:54:18 - mmengine - INFO - Epoch(test) [13300/26266]    eta: 1:54:39  time: 0.5320  data_time: 0.0003  memory: 7932  
2024/02/28 07:55:11 - mmengine - INFO - Epoch(test) [13400/26266]    eta: 1:53:46  time: 0.5304  data_time: 0.0004  memory: 7932  
2024/02/28 07:56:04 - mmengine - INFO - Epoch(test) [13500/26266]    eta: 1:52:53  time: 0.5303  data_time: 0.0004  memory: 7932  
2024/02/28 07:56:57 - mmengine - INFO - Epoch(test) [13600/26266]    eta: 1:52:00  time: 0.5304  data_time: 0.0004  memory: 7932  
2024/02/28 07:57:50 - mmengine - INFO - Epoch(test) [13700/26266]    eta: 1:51:07  time: 0.5293  data_time: 0.0004  memory: 7932  
2024/02/28 07:58:43 - mmengine - INFO - Epoch(test) [13800/26266]    eta: 1:50:14  time: 0.5324  data_time: 0.0004  memory: 7932  
2024/02/28 07:59:36 - mmengine - INFO - Epoch(test) [13900/26266]    eta: 1:49:21  time: 0.5314  data_time: 0.0004  memory: 7932  
2024/02/28 08:00:29 - mmengine - INFO - Epoch(test) [14000/26266]    eta: 1:48:28  time: 0.5315  data_time: 0.0003  memory: 7932  
2024/02/28 08:01:22 - mmengine - INFO - Epoch(test) [14100/26266]    eta: 1:47:35  time: 0.5292  data_time: 0.0003  memory: 7932  
2024/02/28 08:02:16 - mmengine - INFO - Epoch(test) [14200/26266]    eta: 1:46:42  time: 0.5300  data_time: 0.0004  memory: 7932  
2024/02/28 08:03:09 - mmengine - INFO - Epoch(test) [14300/26266]    eta: 1:45:49  time: 0.5294  data_time: 0.0004  memory: 7932  
2024/02/28 08:04:02 - mmengine - INFO - Epoch(test) [14400/26266]    eta: 1:44:56  time: 0.5334  data_time: 0.0004  memory: 7932  
2024/02/28 08:04:55 - mmengine - INFO - Epoch(test) [14500/26266]    eta: 1:44:03  time: 0.5323  data_time: 0.0004  memory: 7932  
2024/02/28 08:05:48 - mmengine - INFO - Epoch(test) [14600/26266]    eta: 1:43:10  time: 0.5334  data_time: 0.0004  memory: 7932  
2024/02/28 08:06:42 - mmengine - INFO - Epoch(test) [14700/26266]    eta: 1:42:17  time: 0.5335  data_time: 0.0004  memory: 7932  
2024/02/28 08:07:35 - mmengine - INFO - Epoch(test) [14800/26266]    eta: 1:41:24  time: 0.5328  data_time: 0.0004  memory: 7932  
2024/02/28 08:08:28 - mmengine - INFO - Epoch(test) [14900/26266]    eta: 1:40:31  time: 0.5335  data_time: 0.0004  memory: 7932  
2024/02/28 08:09:21 - mmengine - INFO - Epoch(test) [15000/26266]    eta: 1:39:38  time: 0.5305  data_time: 0.0004  memory: 7932  
2024/02/28 08:10:15 - mmengine - INFO - Epoch(test) [15100/26266]    eta: 1:38:45  time: 0.5316  data_time: 0.0003  memory: 7932  
2024/02/28 08:11:08 - mmengine - INFO - Epoch(test) [15200/26266]    eta: 1:37:52  time: 0.5320  data_time: 0.0004  memory: 7932  
2024/02/28 08:12:01 - mmengine - INFO - Epoch(test) [15300/26266]    eta: 1:36:59  time: 0.5341  data_time: 0.0004  memory: 7932  
2024/02/28 08:12:54 - mmengine - INFO - Epoch(test) [15400/26266]    eta: 1:36:07  time: 0.5312  data_time: 0.0004  memory: 7932  
2024/02/28 08:13:48 - mmengine - INFO - Epoch(test) [15500/26266]    eta: 1:35:14  time: 0.5313  data_time: 0.0004  memory: 7932  
2024/02/28 08:14:41 - mmengine - INFO - Epoch(test) [15600/26266]    eta: 1:34:21  time: 0.5320  data_time: 0.0004  memory: 7932  
2024/02/28 08:15:34 - mmengine - INFO - Epoch(test) [15700/26266]    eta: 1:33:28  time: 0.5293  data_time: 0.0003  memory: 7932  
2024/02/28 08:16:27 - mmengine - INFO - Epoch(test) [15800/26266]    eta: 1:32:35  time: 0.5316  data_time: 0.0004  memory: 7932  
2024/02/28 08:17:20 - mmengine - INFO - Epoch(test) [15900/26266]    eta: 1:31:42  time: 0.5306  data_time: 0.0004  memory: 7932  
2024/02/28 08:18:14 - mmengine - INFO - Epoch(test) [16000/26266]    eta: 1:30:49  time: 0.5313  data_time: 0.0004  memory: 7932  
2024/02/28 08:19:07 - mmengine - INFO - Epoch(test) [16100/26266]    eta: 1:29:56  time: 0.5323  data_time: 0.0003  memory: 7932  
2024/02/28 08:20:00 - mmengine - INFO - Epoch(test) [16200/26266]    eta: 1:29:03  time: 0.5313  data_time: 0.0003  memory: 7932  
2024/02/28 08:20:53 - mmengine - INFO - Epoch(test) [16300/26266]    eta: 1:28:10  time: 0.5328  data_time: 0.0003  memory: 7932  
2024/02/28 08:21:47 - mmengine - INFO - Epoch(test) [16400/26266]    eta: 1:27:17  time: 0.5314  data_time: 0.0003  memory: 7932  
2024/02/28 08:22:40 - mmengine - INFO - Epoch(test) [16500/26266]    eta: 1:26:24  time: 0.5324  data_time: 0.0003  memory: 7932  
2024/02/28 08:23:33 - mmengine - INFO - Epoch(test) [16600/26266]    eta: 1:25:31  time: 0.5324  data_time: 0.0004  memory: 7932  
2024/02/28 08:24:26 - mmengine - INFO - Epoch(test) [16700/26266]    eta: 1:24:38  time: 0.5339  data_time: 0.0004  memory: 7932  
2024/02/28 08:25:19 - mmengine - INFO - Epoch(test) [16800/26266]    eta: 1:23:45  time: 0.5313  data_time: 0.0004  memory: 7932  
2024/02/28 08:26:13 - mmengine - INFO - Epoch(test) [16900/26266]    eta: 1:22:52  time: 0.5314  data_time: 0.0003  memory: 7932  
2024/02/28 08:27:06 - mmengine - INFO - Epoch(test) [17000/26266]    eta: 1:21:59  time: 0.5304  data_time: 0.0004  memory: 7932  
2024/02/28 08:27:59 - mmengine - INFO - Epoch(test) [17100/26266]    eta: 1:21:06  time: 0.5336  data_time: 0.0004  memory: 7932  
2024/02/28 08:28:52 - mmengine - INFO - Epoch(test) [17200/26266]    eta: 1:20:13  time: 0.5332  data_time: 0.0003  memory: 7932  
2024/02/28 08:29:46 - mmengine - INFO - Epoch(test) [17300/26266]    eta: 1:19:20  time: 0.5319  data_time: 0.0003  memory: 7932  
2024/02/28 08:30:39 - mmengine - INFO - Epoch(test) [17400/26266]    eta: 1:18:27  time: 0.5346  data_time: 0.0004  memory: 7932  
2024/02/28 08:31:32 - mmengine - INFO - Epoch(test) [17500/26266]    eta: 1:17:34  time: 0.5313  data_time: 0.0004  memory: 7932  
2024/02/28 08:32:26 - mmengine - INFO - Epoch(test) [17600/26266]    eta: 1:16:41  time: 0.5307  data_time: 0.0004  memory: 7932  
2024/02/28 08:33:19 - mmengine - INFO - Epoch(test) [17700/26266]    eta: 1:15:48  time: 0.5303  data_time: 0.0003  memory: 7932  
2024/02/28 08:34:12 - mmengine - INFO - Epoch(test) [17800/26266]    eta: 1:14:54  time: 0.5316  data_time: 0.0003  memory: 7932  
2024/02/28 08:35:05 - mmengine - INFO - Epoch(test) [17900/26266]    eta: 1:14:01  time: 0.5317  data_time: 0.0004  memory: 7932  
2024/02/28 08:35:58 - mmengine - INFO - Epoch(test) [18000/26266]    eta: 1:13:08  time: 0.5350  data_time: 0.0004  memory: 7932  
2024/02/28 08:36:52 - mmengine - INFO - Epoch(test) [18100/26266]    eta: 1:12:15  time: 0.5344  data_time: 0.0003  memory: 7932  
2024/02/28 08:37:45 - mmengine - INFO - Epoch(test) [18200/26266]    eta: 1:11:22  time: 0.5318  data_time: 0.0004  memory: 7932  
2024/02/28 08:38:38 - mmengine - INFO - Epoch(test) [18300/26266]    eta: 1:10:29  time: 0.5313  data_time: 0.0004  memory: 7932  
2024/02/28 08:39:31 - mmengine - INFO - Epoch(test) [18400/26266]    eta: 1:09:36  time: 0.5296  data_time: 0.0003  memory: 7932  
2024/02/28 08:40:25 - mmengine - INFO - Epoch(test) [18500/26266]    eta: 1:08:43  time: 0.5307  data_time: 0.0004  memory: 7932  
2024/02/28 08:41:18 - mmengine - INFO - Epoch(test) [18600/26266]    eta: 1:07:50  time: 0.5326  data_time: 0.0004  memory: 7932  
2024/02/28 08:42:11 - mmengine - INFO - Epoch(test) [18700/26266]    eta: 1:06:57  time: 0.5321  data_time: 0.0004  memory: 7932  
2024/02/28 08:43:04 - mmengine - INFO - Epoch(test) [18800/26266]    eta: 1:06:04  time: 0.5308  data_time: 0.0003  memory: 7932  
2024/02/28 08:43:57 - mmengine - INFO - Epoch(test) [18900/26266]    eta: 1:05:11  time: 0.5308  data_time: 0.0004  memory: 7932  
2024/02/28 08:44:50 - mmengine - INFO - Epoch(test) [19000/26266]    eta: 1:04:18  time: 0.5316  data_time: 0.0004  memory: 7932  
2024/02/28 08:45:44 - mmengine - INFO - Epoch(test) [19100/26266]    eta: 1:03:25  time: 0.5321  data_time: 0.0003  memory: 7932  
2024/02/28 08:46:37 - mmengine - INFO - Epoch(test) [19200/26266]    eta: 1:02:32  time: 0.5321  data_time: 0.0004  memory: 7932  
2024/02/28 08:47:30 - mmengine - INFO - Epoch(test) [19300/26266]    eta: 1:01:39  time: 0.5325  data_time: 0.0004  memory: 7932  
2024/02/28 08:48:23 - mmengine - INFO - Epoch(test) [19400/26266]    eta: 1:00:46  time: 0.5317  data_time: 0.0004  memory: 7932  
2024/02/28 08:49:17 - mmengine - INFO - Epoch(test) [19500/26266]    eta: 0:59:53  time: 0.5306  data_time: 0.0004  memory: 7932  
2024/02/28 08:50:10 - mmengine - INFO - Epoch(test) [19600/26266]    eta: 0:59:00  time: 0.5318  data_time: 0.0004  memory: 7932  
2024/02/28 08:51:03 - mmengine - INFO - Epoch(test) [19700/26266]    eta: 0:58:06  time: 0.5309  data_time: 0.0003  memory: 7932  
2024/02/28 08:51:56 - mmengine - INFO - Epoch(test) [19800/26266]    eta: 0:57:13  time: 0.5317  data_time: 0.0004  memory: 7932  
2024/02/28 08:52:49 - mmengine - INFO - Epoch(test) [19900/26266]    eta: 0:56:20  time: 0.5318  data_time: 0.0004  memory: 7932  
2024/02/28 08:53:43 - mmengine - INFO - Epoch(test) [20000/26266]    eta: 0:55:27  time: 0.5319  data_time: 0.0003  memory: 7932  
2024/02/28 08:54:36 - mmengine - INFO - Epoch(test) [20100/26266]    eta: 0:54:34  time: 0.5319  data_time: 0.0003  memory: 7932  
2024/02/28 08:55:29 - mmengine - INFO - Epoch(test) [20200/26266]    eta: 0:53:41  time: 0.5316  data_time: 0.0004  memory: 7932  
2024/02/28 08:56:22 - mmengine - INFO - Epoch(test) [20300/26266]    eta: 0:52:48  time: 0.5317  data_time: 0.0004  memory: 7932  
2024/02/28 08:57:15 - mmengine - INFO - Epoch(test) [20400/26266]    eta: 0:51:55  time: 0.5306  data_time: 0.0003  memory: 7932  
2024/02/28 08:58:09 - mmengine - INFO - Epoch(test) [20500/26266]    eta: 0:51:02  time: 0.5364  data_time: 0.0004  memory: 7932  
2024/02/28 08:59:02 - mmengine - INFO - Epoch(test) [20600/26266]    eta: 0:50:09  time: 0.5328  data_time: 0.0004  memory: 7932  
2024/02/28 08:59:55 - mmengine - INFO - Epoch(test) [20700/26266]    eta: 0:49:16  time: 0.5326  data_time: 0.0003  memory: 7932  
2024/02/28 09:00:48 - mmengine - INFO - Epoch(test) [20800/26266]    eta: 0:48:23  time: 0.5324  data_time: 0.0004  memory: 7932  
2024/02/28 09:01:42 - mmengine - INFO - Epoch(test) [20900/26266]    eta: 0:47:30  time: 0.5313  data_time: 0.0003  memory: 7932  
2024/02/28 09:02:35 - mmengine - INFO - Epoch(test) [21000/26266]    eta: 0:46:36  time: 0.5333  data_time: 0.0004  memory: 7932  
2024/02/28 09:03:28 - mmengine - INFO - Epoch(test) [21100/26266]    eta: 0:45:43  time: 0.5315  data_time: 0.0004  memory: 7932  
2024/02/28 09:04:21 - mmengine - INFO - Epoch(test) [21200/26266]    eta: 0:44:50  time: 0.5293  data_time: 0.0003  memory: 7932  
2024/02/28 09:05:14 - mmengine - INFO - Epoch(test) [21300/26266]    eta: 0:43:57  time: 0.5291  data_time: 0.0004  memory: 7932  
2024/02/28 09:06:07 - mmengine - INFO - Epoch(test) [21400/26266]    eta: 0:43:04  time: 0.5324  data_time: 0.0004  memory: 7932  
2024/02/28 09:07:00 - mmengine - INFO - Epoch(test) [21500/26266]    eta: 0:42:11  time: 0.5313  data_time: 0.0004  memory: 7932  
2024/02/28 09:07:53 - mmengine - INFO - Epoch(test) [21600/26266]    eta: 0:41:18  time: 0.5328  data_time: 0.0004  memory: 7932  
2024/02/28 09:08:47 - mmengine - INFO - Epoch(test) [21700/26266]    eta: 0:40:25  time: 0.5313  data_time: 0.0004  memory: 7932  
2024/02/28 09:09:39 - mmengine - INFO - Epoch(test) [21800/26266]    eta: 0:39:31  time: 0.5287  data_time: 0.0004  memory: 7932  
2024/02/28 09:10:32 - mmengine - INFO - Epoch(test) [21900/26266]    eta: 0:38:38  time: 0.5295  data_time: 0.0004  memory: 7932  
2024/02/28 09:11:26 - mmengine - INFO - Epoch(test) [22000/26266]    eta: 0:37:45  time: 0.5307  data_time: 0.0004  memory: 7932  
2024/02/28 09:12:19 - mmengine - INFO - Epoch(test) [22100/26266]    eta: 0:36:52  time: 0.5293  data_time: 0.0004  memory: 7932  
2024/02/28 09:13:12 - mmengine - INFO - Epoch(test) [22200/26266]    eta: 0:35:59  time: 0.5298  data_time: 0.0004  memory: 7932  
2024/02/28 09:14:06 - mmengine - INFO - Epoch(test) [22300/26266]    eta: 0:35:06  time: 0.5337  data_time: 0.0004  memory: 7932  
2024/02/28 09:14:59 - mmengine - INFO - Epoch(test) [22400/26266]    eta: 0:34:13  time: 0.5328  data_time: 0.0004  memory: 7932  
2024/02/28 09:15:52 - mmengine - INFO - Epoch(test) [22500/26266]    eta: 0:33:20  time: 0.5303  data_time: 0.0003  memory: 7932  
2024/02/28 09:16:46 - mmengine - INFO - Epoch(test) [22600/26266]    eta: 0:32:27  time: 0.5330  data_time: 0.0003  memory: 7932  
2024/02/28 09:17:39 - mmengine - INFO - Epoch(test) [22700/26266]    eta: 0:31:34  time: 0.5330  data_time: 0.0004  memory: 7932  
2024/02/28 09:18:32 - mmengine - INFO - Epoch(test) [22800/26266]    eta: 0:30:41  time: 0.5343  data_time: 0.0004  memory: 7932  
2024/02/28 09:19:26 - mmengine - INFO - Epoch(test) [22900/26266]    eta: 0:29:48  time: 0.5311  data_time: 0.0003  memory: 7932  
2024/02/28 09:20:19 - mmengine - INFO - Epoch(test) [23000/26266]    eta: 0:28:54  time: 0.5338  data_time: 0.0004  memory: 7932  
2024/02/28 09:21:12 - mmengine - INFO - Epoch(test) [23100/26266]    eta: 0:28:01  time: 0.5316  data_time: 0.0004  memory: 7932  
2024/02/28 09:22:06 - mmengine - INFO - Epoch(test) [23200/26266]    eta: 0:27:08  time: 0.5332  data_time: 0.0003  memory: 7932  
2024/02/28 09:22:59 - mmengine - INFO - Epoch(test) [23300/26266]    eta: 0:26:15  time: 0.5364  data_time: 0.0004  memory: 7932  
2024/02/28 09:23:52 - mmengine - INFO - Epoch(test) [23400/26266]    eta: 0:25:22  time: 0.5340  data_time: 0.0004  memory: 7932  
2024/02/28 09:24:46 - mmengine - INFO - Epoch(test) [23500/26266]    eta: 0:24:29  time: 0.5333  data_time: 0.0004  memory: 7932  
2024/02/28 09:25:39 - mmengine - INFO - Epoch(test) [23600/26266]    eta: 0:23:36  time: 0.5332  data_time: 0.0004  memory: 7932  
2024/02/28 09:26:32 - mmengine - INFO - Epoch(test) [23700/26266]    eta: 0:22:43  time: 0.5330  data_time: 0.0003  memory: 7932  
2024/02/28 09:27:25 - mmengine - INFO - Epoch(test) [23800/26266]    eta: 0:21:50  time: 0.5316  data_time: 0.0004  memory: 7932  
2024/02/28 09:28:18 - mmengine - INFO - Epoch(test) [23900/26266]    eta: 0:20:56  time: 0.5316  data_time: 0.0004  memory: 7932  
2024/02/28 09:29:12 - mmengine - INFO - Epoch(test) [24000/26266]    eta: 0:20:03  time: 0.5331  data_time: 0.0004  memory: 7932  
2024/02/28 09:30:05 - mmengine - INFO - Epoch(test) [24100/26266]    eta: 0:19:10  time: 0.5318  data_time: 0.0003  memory: 7932  
2024/02/28 09:30:58 - mmengine - INFO - Epoch(test) [24200/26266]    eta: 0:18:17  time: 0.5336  data_time: 0.0004  memory: 7932  
2024/02/28 09:31:51 - mmengine - INFO - Epoch(test) [24300/26266]    eta: 0:17:24  time: 0.5326  data_time: 0.0004  memory: 7932  
2024/02/28 09:32:45 - mmengine - INFO - Epoch(test) [24400/26266]    eta: 0:16:31  time: 0.5337  data_time: 0.0004  memory: 7932  
2024/02/28 09:33:38 - mmengine - INFO - Epoch(test) [24500/26266]    eta: 0:15:38  time: 0.5326  data_time: 0.0004  memory: 7932  
2024/02/28 09:34:31 - mmengine - INFO - Epoch(test) [24600/26266]    eta: 0:14:45  time: 0.5329  data_time: 0.0003  memory: 7932  
2024/02/28 09:35:25 - mmengine - INFO - Epoch(test) [24700/26266]    eta: 0:13:52  time: 0.5341  data_time: 0.0004  memory: 7932  
2024/02/28 09:36:18 - mmengine - INFO - Epoch(test) [24800/26266]    eta: 0:12:58  time: 0.5335  data_time: 0.0004  memory: 7932  
2024/02/28 09:37:11 - mmengine - INFO - Epoch(test) [24900/26266]    eta: 0:12:05  time: 0.5323  data_time: 0.0003  memory: 7932  
2024/02/28 09:38:05 - mmengine - INFO - Epoch(test) [25000/26266]    eta: 0:11:12  time: 0.5338  data_time: 0.0004  memory: 7932  
2024/02/28 09:38:58 - mmengine - INFO - Epoch(test) [25100/26266]    eta: 0:10:19  time: 0.5324  data_time: 0.0003  memory: 7932  
2024/02/28 09:39:51 - mmengine - INFO - Epoch(test) [25200/26266]    eta: 0:09:26  time: 0.5324  data_time: 0.0003  memory: 7932  
2024/02/28 09:40:45 - mmengine - INFO - Epoch(test) [25300/26266]    eta: 0:08:33  time: 0.5313  data_time: 0.0004  memory: 7932  
2024/02/28 09:41:38 - mmengine - INFO - Epoch(test) [25400/26266]    eta: 0:07:40  time: 0.5319  data_time: 0.0004  memory: 7932  
2024/02/28 09:42:31 - mmengine - INFO - Epoch(test) [25500/26266]    eta: 0:06:47  time: 0.5362  data_time: 0.0004  memory: 7932  
2024/02/28 09:43:24 - mmengine - INFO - Epoch(test) [25600/26266]    eta: 0:05:53  time: 0.5308  data_time: 0.0003  memory: 7932  
2024/02/28 09:44:17 - mmengine - INFO - Epoch(test) [25700/26266]    eta: 0:05:00  time: 0.5343  data_time: 0.0003  memory: 7932  
2024/02/28 09:45:11 - mmengine - INFO - Epoch(test) [25800/26266]    eta: 0:04:07  time: 0.5331  data_time: 0.0004  memory: 7932  
2024/02/28 09:46:04 - mmengine - INFO - Epoch(test) [25900/26266]    eta: 0:03:14  time: 0.5353  data_time: 0.0003  memory: 7932  
2024/02/28 09:46:58 - mmengine - INFO - Epoch(test) [26000/26266]    eta: 0:02:21  time: 0.5347  data_time: 0.0003  memory: 7932  
2024/02/28 09:47:51 - mmengine - INFO - Epoch(test) [26100/26266]    eta: 0:01:28  time: 0.5350  data_time: 0.0004  memory: 7932  
2024/02/28 09:48:45 - mmengine - INFO - Epoch(test) [26200/26266]    eta: 0:00:35  time: 0.5349  data_time: 0.0003  memory: 7932  
2024/02/28 09:49:21 - mmengine - INFO - Epoch(test) [26266/26266]    accuracy/top1: 92.5529  data_time: 0.0004  time: 0.5314
